This is pdfTeX, Version 3.14159265-2.6-1.40.20 (TeX Live 2019/Debian) (preloaded format=pdflatex 2020.11.11)  19 NOV 2020 10:41
entering extended mode
 restricted \write18 enabled.
 %&-line parsing enabled.
**kundigung2.txt
(./kundigung2.txt
LaTeX2e <2020-02-02> patch level 2
L3 programming layer <2020-02-14>
(/usr/share/texlive/texmf-dist/tex/latex/koma-script/scrlttr2.cls
Document Class: scrlttr2 2020/01/24 v3.29 KOMA-Script document class (letter)
(/usr/share/texlive/texmf-dist/tex/latex/koma-script/scrkbase.sty
Package: scrkbase 2020/01/24 v3.29 KOMA-Script package (KOMA-Script-dependent b
asics and keyval usage)

(/usr/share/texlive/texmf-dist/tex/latex/koma-script/scrbase.sty
Package: scrbase 2020/01/24 v3.29 KOMA-Script package (KOMA-Script-independent 
basics and keyval usage)

(/usr/share/texlive/texmf-dist/tex/latex/graphics/keyval.sty
Package: keyval 2014/10/28 v1.15 key=value parser (DPC)
\KV@toks@=\toks14
)
(/usr/share/texlive/texmf-dist/tex/latex/koma-script/scrlfile.sty
Package: scrlfile 2020/01/24 v3.29 KOMA-Script package (loading files)
)))
Class scrlttr2 Info: Switching compatibility level to `last'.
Class scrlttr2 Info: File `scrsize11pt.clo' used to setup font sizes on input l
ine 1885.

(/usr/share/texlive/texmf-dist/tex/latex/koma-script/scrsize11pt.clo
File: scrsize11pt.clo 2020/01/24 v3.29 KOMA-Script font size class option (11pt
)
)
(/usr/share/texlive/texmf-dist/tex/latex/koma-script/typearea.sty
Package: typearea 2020/01/24 v3.29 KOMA-Script package (type area)
\ta@bcor=\skip47
\ta@div=\count167
Package typearea Info: Switching compatibility level to `last'.
\ta@hblk=\skip48
\ta@vblk=\skip49
\ta@temp=\skip50
\footheight=\skip51
Package typearea Info: These are the values describing the layout:
(typearea)             DIV  = 10
(typearea)             BCOR = 0.0pt
(typearea)             \paperwidth      = 597.50793pt
(typearea)              \textwidth      = 418.25555pt
(typearea)              DIV departure   = -6%
(typearea)              \evensidemargin = 17.3562pt
(typearea)              \oddsidemargin  = 17.3562pt
(typearea)             \paperheight     = 845.04694pt
(typearea)              \textheight     = 595.80026pt
(typearea)              \topmargin      = -25.16531pt
(typearea)              \headheight     = 17.0pt
(typearea)              \headsep        = 20.40001pt
(typearea)              \topskip        = 11.0pt
(typearea)              \footskip       = 47.6pt
(typearea)              \baselineskip   = 13.6pt
(typearea)              on input line 1719.
)
\c@letter=\count168
)
Class scrlttr2 Info: Letter-Class-Option `DIN' loaded on input line 5.

(/usr/share/texlive/texmf-dist/tex/latex/koma-script/DIN.lco
File: DIN.lco 2020/01/24 v3.29 KOMA-Script letter-class-option
)
(/usr/share/texlive/texmf-dist/tex/latex/base/inputenc.sty
Package: inputenc 2018/08/11 v1.3c Input encoding file
\inpenc@prehook=\toks15
\inpenc@posthook=\toks16
)
(/usr/share/texlive/texmf-dist/tex/generic/babel/babel.sty
Package: babel 2020/02/14 3.40 The Babel package

(/usr/share/texlive/texmf-dist/tex/generic/babel/switch.def
File: switch.def 2020/02/14 3.40 Babel switching mechanism
)
(/usr/share/texlive/texmf-dist/tex/generic/babel-german/ngerman.ldf
Language: ngerman 2018/12/08 v2.11 German support for babel (post-1996 orthogra
phy)

(/usr/share/texlive/texmf-dist/tex/generic/babel-german/ngermanb.ldf
Language: ngermanb 2018/12/08 v2.11 German support for babel (post-1996 orthogr
aphy)

(/usr/share/texlive/texmf-dist/tex/generic/babel/babel.def
File: babel.def 2020/02/14 3.40 Babel common definitions
\babel@savecnt=\count169
\U@D=\dimen134

(/usr/share/texlive/texmf-dist/tex/generic/babel/txtbabel.def)
\bbl@readstream=\read2
\bbl@dirlevel=\count170
)
Package babel Info: Making " an active character on input line 121.
)))
Class scrlttr2 Info: Letter-Class-Option `DIN' loaded on input line 11.

(/usr/share/texlive/texmf-dist/tex/latex/koma-script/DIN.lco
File: DIN.lco 2020/01/24 v3.29 KOMA-Script letter-class-option
)

! Class scrlttr2 Error: Letter-Class-Option file `absender.lco' not found.

See the scrlttr2 class documentation for explanation.
Type  H <return>  for immediate help.
 ...                                              
                                                  
l.13 \LoadLetterOption{absender}
                                 % Absenderdaten und -einstellungen aus abse...

? 
(/usr/share/texlive/texmf-dist/tex/latex/graphics/graphicx.sty
Package: graphicx 2019/11/30 v1.2a Enhanced LaTeX Graphics (DPC,SPQR)

(/usr/share/texlive/texmf-dist/tex/latex/graphics/graphics.sty
Package: graphics 2019/11/30 v1.4a Standard LaTeX Graphics (DPC,SPQR)

(/usr/share/texlive/texmf-dist/tex/latex/graphics/trig.sty
Package: trig 2016/01/03 v1.10 sin cos tan (DPC)
)
(/usr/share/texlive/texmf-dist/tex/latex/graphics-cfg/graphics.cfg
File: graphics.cfg 2016/06/04 v1.11 sample graphics configuration
)
Package graphics Info: Driver file: pdftex.def on input line 105.

(/usr/share/texlive/texmf-dist/tex/latex/graphics-def/pdftex.def
File: pdftex.def 2018/01/08 v1.0l Graphics/color driver for pdftex
))
\Gin@req@height=\dimen135
\Gin@req@width=\dimen136
)
(/usr/share/texlive/texmf-dist/tex/latex/l3backend/l3backend-pdfmode.def
File: l3backend-pdfmode.def 2020-02-03 L3 backend support: PDF mode
\l__kernel_color_stack_int=\count171
\l__pdf_internal_box=\box45
)
(./kundigung2.aux)
\openout1 = `kundigung2.aux'.

LaTeX Font Info:    Checking defaults for OML/cmm/m/it on input line 17.
LaTeX Font Info:    ... okay on input line 17.
LaTeX Font Info:    Checking defaults for OMS/cmsy/m/n on input line 17.
LaTeX Font Info:    ... okay on input line 17.
LaTeX Font Info:    Checking defaults for OT1/cmr/m/n on input line 17.
LaTeX Font Info:    ... okay on input line 17.
LaTeX Font Info:    Checking defaults for T1/cmr/m/n on input line 17.
LaTeX Font Info:    ... okay on input line 17.
LaTeX Font Info:    Checking defaults for TS1/cmr/m/n on input line 17.
LaTeX Font Info:    ... okay on input line 17.
LaTeX Font Info:    Checking defaults for OMX/cmex/m/n on input line 17.
LaTeX Font Info:    ... okay on input line 17.
LaTeX Font Info:    Checking defaults for U/cmr/m/n on input line 17.
LaTeX Font Info:    ... okay on input line 17.
Class scrlttr2 Info: no date found for language `american'
(scrlttr2)           --> skipped on input line 17.
Class scrlttr2 Info: no date found for language `australian'
(scrlttr2)           --> skipped on input line 17.
Class scrlttr2 Info: no date found for language `british'
(scrlttr2)           --> skipped on input line 17.
Class scrlttr2 Info: no date found for language `canadian'
(scrlttr2)           --> skipped on input line 17.
Class scrlttr2 Info: no date found for language `newzealand'
(scrlttr2)           --> skipped on input line 17.
Class scrlttr2 Info: no date found for language `UKenglish'
(scrlttr2)           --> skipped on input line 17.
Class scrlttr2 Info: no date found for language `ukenglish'
(scrlttr2)           --> skipped on input line 17.
Class scrlttr2 Info: no date found for language `USenglish'
(scrlttr2)           --> skipped on input line 17.
Class scrlttr2 Info: no date found for language `usenglish'
(scrlttr2)           --> skipped on input line 17.
Package scrbase Info: activating ngerman \yourrefname on input line 17.
Package scrbase Info: activating ngerman \yourmailname on input line 17.
Package scrbase Info: activating ngerman \myrefname on input line 17.
Package scrbase Info: activating ngerman \customername on input line 17.
Package scrbase Info: activating ngerman \invoicename on input line 17.
Package scrbase Info: activating ngerman \subjectname on input line 17.
Package scrbase Info: activating ngerman \headfromname on input line 17.
Package scrbase Info: activating ngerman \datename on input line 17.
Package scrbase Info: activating ngerman \phonename on input line 17.
Package scrbase Info: activating ngerman \mobilephonename on input line 17.
Package scrbase Info: activating ngerman \faxname on input line 17.
Package scrbase Info: activating ngerman \emailname on input line 17.
Package scrbase Info: activating ngerman \wwwname on input line 17.
Package scrbase Info: activating ngerman \bankname on input line 17.
Class scrlttr2 Info: no date found for language `german'
(scrlttr2)           --> skipped on input line 17.
Class scrlttr2 Info: no date found for language `austrian'
(scrlttr2)           --> skipped on input line 17.
Class scrlttr2 Info: no date found for language `naustrian'
(scrlttr2)           --> skipped on input line 17.
Class scrlttr2 Info: no date found for language `swissgerman'
(scrlttr2)           --> skipped on input line 17.
Class scrlttr2 Info: no date found for language `nswissgerman'
(scrlttr2)           --> skipped on input line 17.
Class scrlttr2 Info: no date found for language `acadian'
(scrlttr2)           --> skipped on input line 17.
Class scrlttr2 Info: no date found for language `canadien'
(scrlttr2)           --> skipped on input line 17.
Class scrlttr2 Info: no date found for language `francais'
(scrlttr2)           --> skipped on input line 17.
Class scrlttr2 Info: no date found for language `french'
(scrlttr2)           --> skipped on input line 17.
Class scrlttr2 Info: no date found for language `italian'
(scrlttr2)           --> skipped on input line 17.
Class scrlttr2 Info: no date found for language `spanish'
(scrlttr2)           --> skipped on input line 17.
Class scrlttr2 Info: no date found for language `croatian'
(scrlttr2)           --> skipped on input line 17.
Class scrlttr2 Info: no date found for language `dutch'
(scrlttr2)           --> skipped on input line 17.
Class scrlttr2 Info: no date found for language `finnish'
(scrlttr2)           --> skipped on input line 17.
Class scrlttr2 Info: no date found for language `norsk'
(scrlttr2)           --> skipped on input line 17.
Class scrlttr2 Info: no date found for language `swedish'
(scrlttr2)           --> skipped on input line 17.
Class scrlttr2 Info: no date found for language `polish'
(scrlttr2)           --> skipped on input line 17.
Class scrlttr2 Info: no date found for language `czech'
(scrlttr2)           --> skipped on input line 17.
Class scrlttr2 Info: no date found for language `slovak'
(scrlttr2)           --> skipped on input line 17.
Class scrlttr2 Info: trying to activate captions and date
(scrlttr2)           of language `ngerman' on input line 17.
Class scrlttr2 Info: used language is `ngerman'.
(scrlttr2)           Supported languages are: `english', `UKenglish',
(scrlttr2)           `ukenglish', `british', `american', `USenglish',
(scrlttr2)           `usenglish', `australian`,`canadian', `newzealand',
(scrlttr2)           `german', `ngerman', `austrian', `naustrian',
(scrlttr2)           `swissgerman', `nswissgermsn',
(scrlttr2)           `acadian', `canadien', `francais', `french', 
(scrlttr2)           `dutch', `italian', `spanish', `polish',
(scrlttr2)           `croatian', `finnish', `norsk', `swedish',
(scrlttr2)           `czech', `slovak' on input line 17.

(/usr/share/texlive/texmf-dist/tex/context/base/mkii/supp-pdf.mkii
[Loading MPS to PDF converter (version 2006.09.02).]
\scratchcounter=\count172
\scratchdimen=\dimen137
\scratchbox=\box46
\nofMPsegments=\count173
\nofMParguments=\count174
\everyMPshowfont=\toks17
\MPscratchCnt=\count175
\MPscratchDim=\dimen138
\MPnumerator=\count176
\makeMPintoPDFobject=\count177
\everyMPtoPDFconversion=\toks18
) (/usr/share/texlive/texmf-dist/tex/latex/epstopdf-pkg/epstopdf-base.sty
Package: epstopdf-base 2020-01-24 v2.11 Base part for package epstopdf
Package epstopdf-base Info: Redefining graphics rule for `.eps' on input line 4
85.

(/usr/share/texlive/texmf-dist/tex/latex/latexconfig/epstopdf-sys.cfg
File: epstopdf-sys.cfg 2010/07/13 v1.3 Configuration of (r)epstopdf for TeX Liv
e
))
Foldmarks: yes
Head of first page
Foot of first page
Address (backaddress, addressee)
LaTeX Font Info:    External font `cmex10' loaded for size
(Font)              <10.95> on input line 46.
LaTeX Font Info:    External font `cmex10' loaded for size
(Font)              <8> on input line 46.
LaTeX Font Info:    External font `cmex10' loaded for size
(Font)              <6> on input line 46.

Overfull \vbox (2.70348pt too high) detected at line 46
 []


Class scrlttr2 Warning: address field is 2.70348pt too high.
(scrlttr2)              You have to change `toaddrheight'
(scrlttr2)              or you have to define a smaller
(scrlttr2)              address field using \begin{letter} or you
(scrlttr2)              have to define a smaller special purpose using
(scrlttr2)              \specialmail.
(scrlttr2)              Because of this too high address field
(scrlttr2)              you've got an overfull \vbox message on input line 46.

Location field: empty

! LaTeX Error: There's no line here to end.

See the LaTeX manual or LaTeX Companion for explanation.
Type  H <return>  for immediate help.
 ...                                              
                                                  
l.46 \opening{Sehr geehrte Damen und Herren,}
                                             
? 

Overfull \hbox (45.03638pt too wide) in paragraph at lines 46--46
[]  [] 
 []

Title: yes
Subject: no

Overfull \hbox (8.0801pt too wide) in paragraph at lines 48--49
\OT1/cmr/m/n/10.95 hiermit k[]undige ich mei-nen Girokonto-Vertrag frist-ge-rec
ht, hilfs-wei-se zum n[]achstm[]oglichen
 []


Underfull \hbox (badness 10000) in paragraph at lines 48--49

 []


Underfull \hbox (badness 10000) in paragraph at lines 50--51

 []


Underfull \hbox (badness 10000) in paragraph at lines 52--53

 []

[1



{/var/lib/texmf/fonts/map/pdftex/updmap/pdftex.map}] (./kundigung2.aux) ) 
Here is how much of TeX's memory you used:
 3216 strings out of 481239
 51467 string characters out of 5920376
 382065 words of memory out of 5000000
 18477 multiletter control sequences out of 15000+600000
 536581 words of font info for 38 fonts, out of 8000000 for 9000
 1141 hyphenation exceptions out of 8191
 42i,8n,51p,255b,292s stack positions out of 5000i,500n,10000p,200000b,80000s
</usr/
share/texlive/texmf-dist/fonts/type1/public/amsfonts/cm/cmr10.pfb></usr/share/t
exlive/texmf-dist/fonts/type1/public/amsfonts/cm/cmss8.pfb></usr/share/texlive/
texmf-dist/fonts/type1/public/amsfonts/cm/cmssbx10.pfb>
Output written on kundigung2.pdf (1 page, 39365 bytes).
PDF statistics:
 20 PDF objects out of 1000 (max. 8388607)
 13 compressed objects within 1 object stream
 0 named destinations out of 1000 (max. 500000)
 1 words of extra memory for PDF output out of 10000 (max. 10000000)

